<?xml version="1.0" encoding="UTF-8"?>
<testsuite xmlns:xsi="http://www.w3.org/2001/XMLSchema-instance" xsi:noNamespaceSchemaLocation="https://maven.apache.org/surefire/maven-surefire-plugin/xsd/surefire-test-report.xsd" version="3.0.2" name="com.jimmy.TaskManager.TaskManagerApplicationTests" time="6.567" tests="1" errors="0" skipped="0" failures="0">
  <properties>
[...]
</properties>
  <testcase name="contextLoads" classname="com.jimmy.TaskManager.TaskManagerApplicationTests" time="0.709">
    <system-out><![CDATA[16:49:14.366 [main] INFO org.springframework.test.context.support.AnnotationConfigContextLoaderUtils -- Could not detect default configuration classes for test class [com.jimmy.TaskManager.TaskManagerApplicationTests]: TaskManagerApplicationTests does not declare any static, non-private, non-final, nested classes annotated with @Configuration.
16:49:14.545 [main] INFO org.springframework.boot.test.context.SpringBootTestContextBootstrapper -- Found @SpringBootConfiguration com.jimmy.TaskManager.TaskManagerApplication for test class com.jimmy.TaskManager.TaskManagerApplicationTests

  .   ____          _            __ _ _
 /\\ / ___'_ __ _ _(_)_ __  __ _ \ \ \ \
( ( )\___ | '_ | '_| | '_ \/ _` | \ \ \ \
 \\/  ___)| |_)| | | | | || (_| |  ) ) ) )
  '  |____| .__|_| |_|_| |_\__, | / / / /
 =========|_|==============|___/=/_/_/_/

 :: Spring Boot ::                (v3.5.7)

2025-11-07T16:49:15.325+05:30  INFO 24580 --- [TaskManager ] [           main] c.j.T.TaskManagerApplicationTests        : Starting TaskManagerApplicationTests using Java 21.0.1 with PID 24580 (started by HP in C:\Users\HP\Desktop\TaskManager_)
2025-11-07T16:49:15.327+05:30  INFO 24580 --- [TaskManager ] [           main] c.j.T.TaskManagerApplicationTests        : No active profile set, falling back to 1 default profile: "default"
2025-11-07T16:49:16.535+05:30  INFO 24580 --- [TaskManager ] [           main] .s.d.r.c.RepositoryConfigurationDelegate : Bootstrapping Spring Data JPA repositories in DEFAULT mode.
2025-11-07T16:49:16.580+05:30  INFO 24580 --- [TaskManager ] [           main] .s.d.r.c.RepositoryConfigurationDelegate : Finished Spring Data repository scanning in 25 ms. Found 0 JPA repository interfaces.
2025-11-07T16:49:17.182+05:30  INFO 24580 --- [TaskManager ] [           main] com.zaxxer.hikari.HikariDataSource       : HikariPool-1 - Starting...
2025-11-07T16:49:17.448+05:30  INFO 24580 --- [TaskManager ] [           main] com.zaxxer.hikari.pool.HikariPool        : HikariPool-1 - Added connection conn0: url=jdbc:h2:mem:decd67b9-d095-420f-90b0-3e2013dd4df7 user=SA
2025-11-07T16:49:17.450+05:30  INFO 24580 --- [TaskManager ] [           main] com.zaxxer.hikari.HikariDataSource       : HikariPool-1 - Start completed.
2025-11-07T16:49:17.533+05:30  INFO 24580 --- [TaskManager ] [           main] o.hibernate.jpa.internal.util.LogHelper  : HHH000204: Processing PersistenceUnitInfo [name: default]
2025-11-07T16:49:17.672+05:30  INFO 24580 --- [TaskManager ] [           main] org.hibernate.Version                    : HHH000412: Hibernate ORM core version 6.6.33.Final
2025-11-07T16:49:17.746+05:30  INFO 24580 --- [TaskManager ] [           main] o.h.c.internal.RegionFactoryInitiator    : HHH000026: Second-level cache disabled
2025-11-07T16:49:18.300+05:30  INFO 24580 --- [TaskManager ] [           main] o.s.o.j.p.SpringPersistenceUnitInfo      : No LoadTimeWeaver setup: ignoring JPA class transformer
2025-11-07T16:49:18.464+05:30  INFO 24580 --- [TaskManager ] [           main] org.hibernate.orm.connections.pooling    : HHH10001005: Database info:
	Database JDBC URL [Connecting through datasource 'HikariDataSource (HikariPool-1)']
	Database driver: undefined/unknown
	Database version: 2.3.232
	Autocommit mode: undefined/unknown
	Isolation level: undefined/unknown
	Minimum pool size: undefined/unknown
	Maximum pool size: undefined/unknown
2025-11-07T16:49:18.924+05:30  INFO 24580 --- [TaskManager ] [           main] o.h.e.t.j.p.i.JtaPlatformInitiator       : HHH000489: No JTA platform available (set 'hibernate.transaction.jta.platform' to enable JTA platform integration)
2025-11-07T16:49:18.931+05:30  INFO 24580 --- [TaskManager ] [           main] j.LocalContainerEntityManagerFactoryBean : Initialized JPA EntityManagerFactory for persistence unit 'default'
2025-11-07T16:49:19.171+05:30  WARN 24580 --- [TaskManager ] [           main] JpaBaseConfiguration$JpaWebConfiguration : spring.jpa.open-in-view is enabled by default. Therefore, database queries may be performed during view rendering. Explicitly configure spring.jpa.open-in-view to disable this warning
2025-11-07T16:49:19.941+05:30  INFO 24580 --- [TaskManager ] [           main] c.j.T.TaskManagerApplicationTests        : Started TaskManagerApplicationTests in 5.099 seconds (process running for 6.731)
]]></system-out>
    <system-err><![CDATA[Mockito is currently self-attaching to enable the inline-mock-maker. This will no longer work in future releases of the JDK. Please add Mockito as an agent to your build as described in Mockito's documentation: https://javadoc.io/doc/org.mockito/mockito-core/latest/org.mockito/org/mockito/Mockito.html#0.3
WARNING: A Java agent has been loaded dynamically (C:\Users\HP\.m2\repository\net\bytebuddy\byte-buddy-agent\1.17.8\byte-buddy-agent-1.17.8.jar)
WARNING: If a serviceability tool is in use, please run with -XX:+EnableDynamicAgentLoading to hide this warning
WARNING: If a serviceability tool is not in use, please run with -Djdk.instrument.traceUsage for more information
WARNING: Dynamic loading of agents will be disallowed by default in a future release
]]></system-err>
  </testcase>
</testsuite>